<?xml version="1.0" encoding="UTF-8"?>
<!-- Generated by org.testng.reporters.JUnitXMLReporter -->
<testsuite hostname="xyz-PC" ignored="0" name="Default test" tests="5" failures="0" timestamp="26 Mar 2020 10:31:22 GMT" time="5.884" errors="0">
  <testcase name="test_getAllVideoGames" time="3.283" classname="testCases.TC_VideoGameAPI"/>
  <testcase name="test_addNewVideoGame" time="1.346" classname="testCases.TC_VideoGameAPI"/>
  <testcase name="test_getVideoGame" time="1.043" classname="testCases.TC_VideoGameAPI"/>
  <testcase name="test_UpdateVideoGame" time="0.073" classname="testCases.TC_VideoGameAPI"/>
  <testcase name="test_DeleteVideoGame" time="0.046" classname="testCases.TC_VideoGameAPI"/>
</testsuite> <!-- Default test -->
