<?xml version="1.0" encoding="UTF-8"?>
<!-- Generated by org.testng.reporters.JUnitXMLReporter -->
<testsuite hostname="xyz-PC" ignored="0" name="Test" tests="5" failures="0" timestamp="26 Mar 2020 10:40:18 GMT" time="4.64" errors="0">
  <testcase name="test_getAllVideoGames" time="3.172" classname="testCases.TC_VideoGameAPI"/>
  <testcase name="test_addNewVideoGame" time="0.655" classname="testCases.TC_VideoGameAPI"/>
  <testcase name="test_getVideoGame" time="0.63" classname="testCases.TC_VideoGameAPI"/>
  <testcase name="test_UpdateVideoGame" time="0.067" classname="testCases.TC_VideoGameAPI"/>
  <testcase name="test_DeleteVideoGame" time="0.03" classname="testCases.TC_VideoGameAPI"/>
</testsuite> <!-- Test -->
