<?xml version="1.0" encoding="UTF-8"?>
<!-- Generated by org.testng.reporters.JUnitXMLReporter -->
<testsuite hostname="xyz-PC" ignored="0" name="Test" tests="5" failures="0" timestamp="26 Mar 2020 13:38:26 GMT" time="31.193" errors="0">
  <testcase name="test_getAllVideoGames" time="14.79" classname="testCases.TC_VideoGameAPI"/>
  <testcase name="test_addNewVideoGame" time="10.166" classname="testCases.TC_VideoGameAPI"/>
  <testcase name="test_getVideoGame" time="2.659" classname="testCases.TC_VideoGameAPI"/>
  <testcase name="test_UpdateVideoGame" time="0.326" classname="testCases.TC_VideoGameAPI"/>
  <testcase name="test_DeleteVideoGame" time="3.104" classname="testCases.TC_VideoGameAPI"/>
</testsuite> <!-- Test -->
