<?xml version="1.0" encoding="UTF-8"?>
<testng-results skipped="0" failed="0" ignored="0" total="5" passed="5">
  <reporter-output>
  </reporter-output>
  <suite name="Suite" duration-ms="4640" started-at="2020-03-26T10:40:14Z" finished-at="2020-03-26T10:40:18Z">
    <groups>
    </groups>
    <test name="Test" duration-ms="4640" started-at="2020-03-26T10:40:14Z" finished-at="2020-03-26T10:40:18Z">
      <class name="testCases.TC_VideoGameAPI">
        <test-method status="PASS" signature="test_getAllVideoGames()[pri:1, instance:testCases.TC_VideoGameAPI@1ce4f0a]" name="test_getAllVideoGames" duration-ms="3172" started-at="2020-03-26T10:40:14Z" finished-at="2020-03-26T10:40:17Z">
          <reporter-output>
          </reporter-output>
        </test-method> <!-- test_getAllVideoGames -->
        <test-method status="PASS" signature="test_addNewVideoGame()[pri:2, instance:testCases.TC_VideoGameAPI@1ce4f0a]" name="test_addNewVideoGame" duration-ms="655" started-at="2020-03-26T10:40:17Z" finished-at="2020-03-26T10:40:18Z">
          <reporter-output>
          </reporter-output>
        </test-method> <!-- test_addNewVideoGame -->
        <test-method status="PASS" signature="test_getVideoGame()[pri:3, instance:testCases.TC_VideoGameAPI@1ce4f0a]" name="test_getVideoGame" duration-ms="630" started-at="2020-03-26T10:40:18Z" finished-at="2020-03-26T10:40:18Z">
          <reporter-output>
          </reporter-output>
        </test-method> <!-- test_getVideoGame -->
        <test-method status="PASS" signature="test_UpdateVideoGame()[pri:4, instance:testCases.TC_VideoGameAPI@1ce4f0a]" name="test_UpdateVideoGame" duration-ms="67" started-at="2020-03-26T10:40:18Z" finished-at="2020-03-26T10:40:18Z">
          <reporter-output>
          </reporter-output>
        </test-method> <!-- test_UpdateVideoGame -->
        <test-method status="PASS" signature="test_DeleteVideoGame()[pri:5, instance:testCases.TC_VideoGameAPI@1ce4f0a]" name="test_DeleteVideoGame" duration-ms="30" started-at="2020-03-26T10:40:18Z" finished-at="2020-03-26T10:40:18Z">
          <reporter-output>
          </reporter-output>
        </test-method> <!-- test_DeleteVideoGame -->
      </class> <!-- testCases.TC_VideoGameAPI -->
    </test> <!-- Test -->
  </suite> <!-- Suite -->
</testng-results>
